Build started 12/20/2013 5:01:19 PM.
     1>Project "C:\Users\John\Desktop\DNA_Simulation\DNA_Simulation\DNA_Simulation\DNA_Simulation.vcxproj" on node 2 (Build target(s)).
     1>ClCompile:
         C:\Program Files (x86)\Microsoft Visual Studio 11.0\VC\bin\CL.exe /c /ZI /nologo /W3 /WX- /sdl /Od /Oy- /D WIN32 /D _WINDOWS /D _DEBUG /D _UNICODE /D UNICODE /D _AFXDLL /Gm /EHsc /RTC1 /MDd /GS /fp:precise /Zc:wchar_t /Zc:forScope /Yu"stdafx.h" /Fp"Debug\DNA_Simulation.pch" /Fo"Debug\\" /Fd"Debug\vc110.pdb" /Gd /TP /analyze- /errorReport:prompt DNATile.cpp
         DNATile.cpp
     1>c:\program files (x86)\microsoft visual studio 11.0\vc\include\xmemory0(777): error C2516: '_Alloc' : is not a legal base class
                 c:\program files (x86)\microsoft visual studio 11.0\vc\include\vector(444) : see declaration of '_Alloc'
                 c:\program files (x86)\microsoft visual studio 11.0\vc\include\vector(444) : see reference to class template instantiation 'std::_Wrap_alloc<_Alloc>' being compiled
                 with
                 [
                     _Alloc=int
                 ]
                 c:\program files (x86)\microsoft visual studio 11.0\vc\include\vector(500) : see reference to class template instantiation 'std::_Vec_base_types<_Ty,_Alloc0>' being compiled
                 with
                 [
                     _Ty=m_sLabel,
                     _Alloc0=int
                 ]
                 c:\program files (x86)\microsoft visual studio 11.0\vc\include\vector(657) : see reference to class template instantiation 'std::_Vector_alloc<_Al_has_storage,_Alloc_types>' being compiled
                 with
                 [
                     _Al_has_storage=true,
                     _Alloc_types=std::_Vec_base_types<m_sLabel,int>
                 ]
                 c:\users\john\desktop\dna_simulation\dna_simulation\dna_simulation\dnatile.h(17) : see reference to class template instantiation 'std::vector<_Ty,_Alloc>' being compiled
                 with
                 [
                     _Ty=m_sLabel,
                     _Alloc=int
                 ]
     1>c:\program files (x86)\microsoft visual studio 11.0\vc\include\xmemory0(419): error C2825: '_Alloc': must be a class or namespace when followed by '::'
                 c:\program files (x86)\microsoft visual studio 11.0\vc\include\xmemory0(783) : see reference to class template instantiation 'std::allocator_traits<_Alloc>' being compiled
                 with
                 [
                     _Alloc=int
                 ]
     1>c:\program files (x86)\microsoft visual studio 11.0\vc\include\xmemory0(419): error C2039: 'value_type' : is not a member of '`global namespace''
     1>c:\program files (x86)\microsoft visual studio 11.0\vc\include\xmemory0(419): error C2146: syntax error : missing ';' before identifier 'value_type'
     1>c:\program files (x86)\microsoft visual studio 11.0\vc\include\xmemory0(419): error C2602: 'std::allocator_traits<_Alloc>::value_type' is not a member of a base class of 'std::allocator_traits<_Alloc>'
                 with
                 [
                     _Alloc=int
                 ]
                 c:\program files (x86)\microsoft visual studio 11.0\vc\include\xmemory0(419) : see declaration of 'std::allocator_traits<_Alloc>::value_type'
                 with
                 [
                     _Alloc=int
                 ]
     1>c:\program files (x86)\microsoft visual studio 11.0\vc\include\xmemory0(419): error C2868: 'std::allocator_traits<_Alloc>::value_type' : illegal syntax for using-declaration; expected qualified-name
                 with
                 [
                     _Alloc=int
                 ]
     1>c:\program files (x86)\microsoft visual studio 11.0\vc\include\xmemory0(241): error C2825: '_Ty': must be a class or namespace when followed by '::'
                 c:\program files (x86)\microsoft visual studio 11.0\vc\include\xmemory0(421) : see reference to class template instantiation 'std::_Get_pointer_type<_Ty>' being compiled
                 with
                 [
                     _Ty=int
                 ]
     1>c:\program files (x86)\microsoft visual studio 11.0\vc\include\xmemory0(241): error C2039: 'value_type' : is not a member of '`global namespace''
     1>c:\program files (x86)\microsoft visual studio 11.0\vc\include\xmemory0(241): error C3646: 'value_type' : unknown override specifier
     1>c:\program files (x86)\microsoft visual studio 11.0\vc\include\xmemory0(241): error C2143: syntax error : missing ';' before '*'
     1>c:\program files (x86)\microsoft visual studio 11.0\vc\include\xmemory0(241): error C2238: unexpected token(s) preceding ';'
     1>c:\program files (x86)\microsoft visual studio 11.0\vc\include\xmemory0(241): error C2988: unrecognizable template declaration/definition
     1>c:\program files (x86)\microsoft visual studio 11.0\vc\include\xmemory0(241): error C2059: syntax error : '<end Parse>'
     1>c:\program files (x86)\microsoft visual studio 11.0\vc\include\xmemory0(421): error C2039: 'type' : is not a member of 'std::_Get_pointer_type<_Ty>'
                 with
                 [
                     _Ty=int
                 ]
     1>c:\program files (x86)\microsoft visual studio 11.0\vc\include\xmemory0(422): error C2146: syntax error : missing ';' before identifier 'pointer'
     1>c:\program files (x86)\microsoft visual studio 11.0\vc\include\xmemory0(422): error C4430: missing type specifier - int assumed. Note: C++ does not support default-int
     1>c:\program files (x86)\microsoft visual studio 11.0\vc\include\xmemory0(248): error C2039: 'type' : is not a member of 'std::_Get_pointer_type<_Ty>'
                 with
                 [
                     _Ty=int
                 ]
                 c:\program files (x86)\microsoft visual studio 11.0\vc\include\xmemory0(423) : see reference to class template instantiation 'std::_Get_const_pointer_type<_Ty>' being compiled
                 with
                 [
                     _Ty=int
                 ]
     1>c:\program files (x86)\microsoft visual studio 11.0\vc\include\xmemory0(248): error C2146: syntax error : missing ',' before identifier 'type'
     1>c:\program files (x86)\microsoft visual studio 11.0\vc\include\xmemory0(248): error C2065: 'type' : undeclared identifier
     1>c:\program files (x86)\microsoft visual studio 11.0\vc\include\xmemory0(248): error C2825: '_Ty': must be a class or namespace when followed by '::'
     1>c:\program files (x86)\microsoft visual studio 11.0\vc\include\xmemory0(248): error C2039: 'value_type' : is not a member of '`global namespace''
     1>c:\program files (x86)\microsoft visual studio 11.0\vc\include\xmemory0(248): error C2146: syntax error : missing ',' before identifier 'value_type'
     1>c:\program files (x86)\microsoft visual studio 11.0\vc\include\xmemory0(248): error C2065: 'value_type' : undeclared identifier
     1>c:\program files (x86)\microsoft visual studio 11.0\vc\include\xmemory0(248): error C2893: Failed to specialize function template 'pointer_traits::rebind::other std::_Get_const_pointer_type<_Ty>::_Fn(std::_Wrap_int)'
                 with
                 [
                     _Ty=int
                 ]
                 With the following template arguments:
                 'int'
     1>c:\program files (x86)\microsoft visual studio 11.0\vc\include\xmemory0(248): error C2770: invalid explicit template argument(s) for '_Uty::const_pointer std::_Get_const_pointer_type<_Ty>::_Fn(int)'
                 with
                 [
                     _Ty=int
                 ]
                 c:\program files (x86)\microsoft visual studio 11.0\vc\include\xmemory0(248) : see declaration of 'std::_Get_const_pointer_type<_Ty>::_Fn'
                 with
                 [
                     _Ty=int
                 ]
     1>c:\program files (x86)\microsoft visual studio 11.0\vc\include\xmemory0(255): error C2039: 'type' : is not a member of 'std::_Get_pointer_type<_Ty>'
                 with
                 [
                     _Ty=int
                 ]
                 c:\program files (x86)\microsoft visual studio 11.0\vc\include\xmemory0(425) : see reference to class template instantiation 'std::_Get_void_pointer_type<_Ty>' being compiled
                 with
                 [
                     _Ty=int
                 ]
     1>c:\program files (x86)\microsoft visual studio 11.0\vc\include\xmemory0(255): error C2146: syntax error : missing ',' before identifier 'type'
     1>c:\program files (x86)\microsoft visual studio 11.0\vc\include\xmemory0(255): error C2065: 'type' : undeclared identifier
     1>c:\program files (x86)\microsoft visual studio 11.0\vc\include\xmemory0(255): error C2893: Failed to specialize function template 'pointer_traits::rebind<void>::other std::_Get_void_pointer_type<_Ty>::_Fn(std::_Wrap_int)'
                 with
                 [
                     _Ty=int
                 ]
                 With the following template arguments:
                 'int'
     1>c:\program files (x86)\microsoft visual studio 11.0\vc\include\xmemory0(255): error C2770: invalid explicit template argument(s) for '_Uty::void_pointer std::_Get_void_pointer_type<_Ty>::_Fn(int)'
                 with
                 [
                     _Ty=int
                 ]
                 c:\program files (x86)\microsoft visual studio 11.0\vc\include\xmemory0(255) : see declaration of 'std::_Get_void_pointer_type<_Ty>::_Fn'
                 with
                 [
                     _Ty=int
                 ]
     1>c:\program files (x86)\microsoft visual studio 11.0\vc\include\xmemory0(262): error C2039: 'type' : is not a member of 'std::_Get_pointer_type<_Ty>'
                 with
                 [
                     _Ty=int
                 ]
                 c:\program files (x86)\microsoft visual studio 11.0\vc\include\xmemory0(427) : see reference to class template instantiation 'std::_Get_const_void_pointer_type<_Ty>' being compiled
                 with
                 [
                     _Ty=int
                 ]
     1>c:\program files (x86)\microsoft visual studio 11.0\vc\include\xmemory0(262): error C2146: syntax error : missing ',' before identifier 'type'
     1>c:\program files (x86)\microsoft visual studio 11.0\vc\include\xmemory0(262): error C2065: 'type' : undeclared identifier
     1>c:\program files (x86)\microsoft visual studio 11.0\vc\include\xmemory0(262): error C2893: Failed to specialize function template 'pointer_traits::rebind<const void>::other std::_Get_const_void_pointer_type<_Ty>::_Fn(std::_Wrap_int)'
                 with
                 [
                     _Ty=int
                 ]
                 With the following template arguments:
                 'int'
     1>c:\program files (x86)\microsoft visual studio 11.0\vc\include\xmemory0(262): error C2770: invalid explicit template argument(s) for '_Uty::const_void_pointer std::_Get_const_void_pointer_type<_Ty>::_Fn(int)'
                 with
                 [
                     _Ty=int
                 ]
                 c:\program files (x86)\microsoft visual studio 11.0\vc\include\xmemory0(262) : see declaration of 'std::_Get_const_void_pointer_type<_Ty>::_Fn'
                 with
                 [
                     _Ty=int
                 ]
     1>c:\program files (x86)\microsoft visual studio 11.0\vc\include\xmemory0(269): error C2039: 'type' : is not a member of 'std::_Get_pointer_type<_Ty>'
                 with
                 [
                     _Ty=int
                 ]
                 c:\program files (x86)\microsoft visual studio 11.0\vc\include\xmemory0(276) : see reference to class template instantiation 'std::_Get_difference_type<_Ty>' being compiled
                 with
                 [
                     _Ty=int
                 ]
                 c:\program files (x86)\microsoft visual studio 11.0\vc\include\xmemory0(430) : see reference to class template instantiation 'std::_Get_size_type<_Ty>' being compiled
                 with
                 [
                     _Ty=int
                 ]
     1>c:\program files (x86)\microsoft visual studio 11.0\vc\include\xmemory0(269): error C2146: syntax error : missing ',' before identifier 'type'
     1>c:\program files (x86)\microsoft visual studio 11.0\vc\include\xmemory0(269): error C2065: 'type' : undeclared identifier
     1>c:\program files (x86)\microsoft visual studio 11.0\vc\include\xmemory0(269): error C2893: Failed to specialize function template 'std::_Get_ptr_difference_type<_Ty>::type std::_Get_difference_type<_Ty>::_Fn(std::_Wrap_int)'
                 with
                 [
                     _Ty=int
                 ]
                 With the following template arguments:
                 'int'
     1>c:\program files (x86)\microsoft visual studio 11.0\vc\include\xmemory0(269): error C2770: invalid explicit template argument(s) for '_Uty::difference_type std::_Get_difference_type<_Ty>::_Fn(int)'
                 with
                 [
                     _Ty=int
                 ]
                 c:\program files (x86)\microsoft visual studio 11.0\vc\include\xmemory0(269) : see declaration of 'std::_Get_difference_type<_Ty>::_Fn'
                 with
                 [
                     _Ty=int
                 ]
     1>c:\program files (x86)\microsoft visual studio 11.0\vc\include\xmemory0(454): error C2146: syntax error : missing ';' before identifier 'allocate'
     1>c:\program files (x86)\microsoft visual studio 11.0\vc\include\xmemory0(454): error C4430: missing type specifier - int assumed. Note: C++ does not support default-int
     1>c:\program files (x86)\microsoft visual studio 11.0\vc\include\xmemory0(455): error C4430: missing type specifier - int assumed. Note: C++ does not support default-int
     1>c:\program files (x86)\microsoft visual studio 11.0\vc\include\xmemory0(455): warning C4183: 'allocate': missing return type; assumed to be a member function returning 'int'
     1>c:\program files (x86)\microsoft visual studio 11.0\vc\include\xmemory0(459): error C2146: syntax error : missing ';' before identifier 'allocate'
     1>c:\program files (x86)\microsoft visual studio 11.0\vc\include\xmemory0(459): error C4430: missing type specifier - int assumed. Note: C++ does not support default-int
     1>c:\program files (x86)\microsoft visual studio 11.0\vc\include\xmemory0(459): error C2086: 'int std::allocator_traits<_Alloc>::pointer' : redefinition
                 with
                 [
                     _Alloc=int
                 ]
                 c:\program files (x86)\microsoft visual studio 11.0\vc\include\xmemory0(454) : see declaration of 'std::allocator_traits<_Alloc>::pointer'
                 with
                 [
                     _Alloc=int
                 ]
     1>c:\program files (x86)\microsoft visual studio 11.0\vc\include\xmemory0(461): error C4430: missing type specifier - int assumed. Note: C++ does not support default-int
     1>c:\program files (x86)\microsoft visual studio 11.0\vc\include\xmemory0(461): warning C4183: 'allocate': missing return type; assumed to be a member function returning 'int'
     1>c:\program files (x86)\microsoft visual studio 11.0\vc\include\xmemory0(466): error C2061: syntax error : identifier 'pointer'
     1>c:\program files (x86)\microsoft visual studio 11.0\vc\include\xmemory0(785): error C2146: syntax error : missing ';' before identifier 'pointer'
     1>c:\program files (x86)\microsoft visual studio 11.0\vc\include\xmemory0(785): error C2838: 'pointer' : illegal qualified name in member declaration
     1>c:\program files (x86)\microsoft visual studio 11.0\vc\include\xmemory0(785): error C4430: missing type specifier - int assumed. Note: C++ does not support default-int
     1>c:\program files (x86)\microsoft visual studio 11.0\vc\include\xmemory0(818): error C2146: syntax error : missing ';' before identifier 'address'
     1>c:\program files (x86)\microsoft visual studio 11.0\vc\include\xmemory0(818): error C4430: missing type specifier - int assumed. Note: C++ does not support default-int
     1>c:\program files (x86)\microsoft visual studio 11.0\vc\include\xmemory0(819): error C4430: missing type specifier - int assumed. Note: C++ does not support default-int
     1>c:\program files (x86)\microsoft visual studio 11.0\vc\include\xmemory0(819): warning C4183: 'address': missing return type; assumed to be a member function returning 'int'
     1>c:\program files (x86)\microsoft visual studio 11.0\vc\include\xmemory0(874): error C2146: syntax error : missing ';' before identifier 'allocate'
     1>c:\program files (x86)\microsoft visual studio 11.0\vc\include\xmemory0(874): error C4430: missing type specifier - int assumed. Note: C++ does not support default-int
     1>c:\program files (x86)\microsoft visual studio 11.0\vc\include\xmemory0(875): error C4430: missing type specifier - int assumed. Note: C++ does not support default-int
     1>c:\program files (x86)\microsoft visual studio 11.0\vc\include\xmemory0(875): warning C4183: 'allocate': missing return type; assumed to be a member function returning 'int'
     1>c:\program files (x86)\microsoft visual studio 11.0\vc\include\xmemory0(879): error C2146: syntax error : missing ';' before identifier 'allocate'
     1>c:\program files (x86)\microsoft visual studio 11.0\vc\include\xmemory0(879): error C4430: missing type specifier - int assumed. Note: C++ does not support default-int
     1>c:\program files (x86)\microsoft visual studio 11.0\vc\include\xmemory0(881): error C4430: missing type specifier - int assumed. Note: C++ does not support default-int
     1>c:\program files (x86)\microsoft visual studio 11.0\vc\include\xmemory0(881): warning C4183: 'allocate': missing return type; assumed to be a member function returning 'int'
     1>c:\program files (x86)\microsoft visual studio 11.0\vc\include\xmemory0(885): error C2061: syntax error : identifier 'pointer'
     1>c:\program files (x86)\microsoft visual studio 11.0\vc\include\xmemory0(167): error C2825: '_Ty': must be a class or namespace when followed by '::'
                 c:\program files (x86)\microsoft visual studio 11.0\vc\include\xmemory0(187) : see reference to class template instantiation 'std::_Replace_first_parameter<_Newfirst,_Ty>' being compiled
                 with
                 [
                     _Newfirst=m_sLabel,
                     _Ty=int
                 ]
                 c:\program files (x86)\microsoft visual studio 11.0\vc\include\xmemory0(443) : see reference to class template instantiation 'std::_Get_rebind_type<_Ty,_Other>' being compiled
                 with
                 [
                     _Ty=int,
                     _Other=m_sLabel
                 ]
                 c:\program files (x86)\microsoft visual studio 11.0\vc\include\xmemory0(813) : see reference to class template instantiation 'std::allocator_traits<_Alloc>::rebind_alloc<_Other>' being compiled
                 with
                 [
                     _Alloc=int,
                     _Other=m_sLabel
                 ]
                 c:\program files (x86)\microsoft visual studio 11.0\vc\include\vector(444) : see reference to class template instantiation 'std::_Wrap_alloc<_Alloc>::rebind<_Other>' being compiled
                 with
                 [
                     _Alloc=int,
                     _Other=m_sLabel
                 ]
     1>c:\program files (x86)\microsoft visual studio 11.0\vc\include\xmemory0(167): error C2903: 'rebind' : symbol is neither a class template nor a function template
     1>c:\program files (x86)\microsoft visual studio 11.0\vc\include\xmemory0(167): error C2039: 'rebind' : is not a member of '`global namespace''
     1>c:\program files (x86)\microsoft visual studio 11.0\vc\include\xmemory0(167): error C2143: syntax error : missing ';' before '<'
     1>c:\program files (x86)\microsoft visual studio 11.0\vc\include\xmemory0(167): error C2039: 'other' : is not a member of '`global namespace''
     1>c:\program files (x86)\microsoft visual studio 11.0\vc\include\xmemory0(167): error C2238: unexpected token(s) preceding ';'
     1>c:\program files (x86)\microsoft visual studio 11.0\vc\include\xmemory0(187): error C2770: invalid explicit template argument(s) for '_Replace_first_parameter<_Other,_Uty>::type std::_Get_rebind_type<_Ty,_Other>::_Fn(std::_Wrap_int)'
                 with
                 [
                     _Other=m_sLabel,
                     _Ty=int
                 ]
                 c:\program files (x86)\microsoft visual studio 11.0\vc\include\xmemory0(187) : see declaration of 'std::_Get_rebind_type<_Ty,_Other>::_Fn'
                 with
                 [
                     _Ty=int,
                     _Other=m_sLabel
                 ]
     1>c:\program files (x86)\microsoft visual studio 11.0\vc\include\xmemory0(187): error C2770: invalid explicit template argument(s) for '_Uty::rebind<_Other>::other std::_Get_rebind_type<_Ty,_Other>::_Fn(int)'
                 with
                 [
                     _Other=m_sLabel,
                     _Ty=int
                 ]
                 c:\program files (x86)\microsoft visual studio 11.0\vc\include\xmemory0(187) : see declaration of 'std::_Get_rebind_type<_Ty,_Other>::_Fn'
                 with
                 [
                     _Ty=int,
                     _Other=m_sLabel
                 ]
     1>c:\program files (x86)\microsoft visual studio 11.0\vc\include\vector(450): error C2039: 'pointer' : is not a member of 'std::_Wrap_alloc<_Alloc>'
                 with
                 [
                     _Alloc=int
                 ]
     1>c:\program files (x86)\microsoft visual studio 11.0\vc\include\vector(450): error C2146: syntax error : missing ';' before identifier '_Tptr'
     1>c:\program files (x86)\microsoft visual studio 11.0\vc\include\vector(450): error C4430: missing type specifier - int assumed. Note: C++ does not support default-int
     1>c:\program files (x86)\microsoft visual studio 11.0\vc\include\vector(451): error C2065: '_Tptr' : undeclared identifier
     1>c:\program files (x86)\microsoft visual studio 11.0\vc\include\vector(451): error C2923: 'std::_Wrap_alloc<_Alloc>::rebind' : '_Tptr' is not a valid template type argument for parameter '_Other'
                 with
                 [
                     _Alloc=int
                 ]
     1>c:\program files (x86)\microsoft visual studio 11.0\vc\include\vector(451): error C2955: 'std::_Wrap_alloc<_Alloc>::rebind' : use of class template requires template argument list
                 with
                 [
                     _Alloc=int
                 ]
                 c:\program files (x86)\microsoft visual studio 11.0\vc\include\xmemory0(812) : see declaration of 'std::_Wrap_alloc<_Alloc>::rebind'
                 with
                 [
                     _Alloc=int
                 ]
     1>c:\program files (x86)\microsoft visual studio 11.0\vc\include\xmemory0(104): error C2039: 'pointer' : is not a member of 'std::_Wrap_alloc<_Alloc>'
                 with
                 [
                     _Alloc=int
                 ]
                 c:\program files (x86)\microsoft visual studio 11.0\vc\include\vector(453) : see reference to class template instantiation 'std::_Is_simple_alloc<_Alty>' being compiled
                 with
                 [
                     _Alty=std::_Wrap_alloc<int>
                 ]
     1>c:\program files (x86)\microsoft visual studio 11.0\vc\include\xmemory0(104): error C2146: syntax error : missing ',' before identifier 'pointer'
     1>c:\program files (x86)\microsoft visual studio 11.0\vc\include\xmemory0(104): error C2065: 'pointer' : undeclared identifier
     1>c:\program files (x86)\microsoft visual studio 11.0\vc\include\xmemory0(105): error C2955: 'std::is_same' : use of class template requires template argument list
                 c:\program files (x86)\microsoft visual studio 11.0\vc\include\xtr1common(95) : see declaration of 'std::is_same'
     1>c:\program files (x86)\microsoft visual studio 11.0\vc\include\vector(458): error C2039: 'pointer' : is not a member of 'std::_Wrap_alloc<_Alloc>'
                 with
                 [
                     _Alloc=int
                 ]
     1>Done Building Project "C:\Users\John\Desktop\DNA_Simulation\DNA_Simulation\DNA_Simulation\DNA_Simulation.vcxproj" (Build target(s)) -- FAILED.

Build FAILED.

Time Elapsed 00:00:00.69
